[2014-03-19 12:36:55] myapp.INFO: Matched route "adminEditCms" (parameters: "_controller": "{}", "id": "1", "_route": "adminEditCms") [] []
[2014-03-19 12:36:55] myapp.INFO: Populated SecurityContext with an anonymous Token [] []
[2014-03-19 12:36:55] myapp.INFO: > GET /spope/silex-boilerplate/web/index_dev.php/admin/cms/1 [] []
[2014-03-19 12:36:55] myapp.CRITICAL: Symfony\Component\Form\Exception\TransformationFailedException: Expected a Boolean. (uncaught exception) at /home/spope/public_html/silex-boilerplate/vendor/symfony/form/Symfony/Component/Form/Extension/Core/DataTransformer/BooleanToStringTransformer.php line 57 {"exception":"[object] (Symfony\\Component\\Form\\Exception\\TransformationFailedException: Expected a Boolean. at /home/spope/public_html/silex-boilerplate/vendor/symfony/form/Symfony/Component/Form/Extension/Core/DataTransformer/BooleanToStringTransformer.php:57)"} []
[2014-03-19 12:36:55] myapp.INFO: < 500 [] []
[2014-03-19 12:36:55] myapp.DEBUG: Write SecurityContext in the session [] []
[2014-03-19 12:36:57] myapp.INFO: Matched route "adminEditCms" (parameters: "_controller": "{}", "id": "1", "_route": "adminEditCms") [] []
[2014-03-19 12:36:57] myapp.INFO: Populated SecurityContext with an anonymous Token [] []
[2014-03-19 12:36:57] myapp.INFO: > GET /spope/silex-boilerplate/web/index_dev.php/admin/cms/1 [] []
[2014-03-19 12:36:57] myapp.CRITICAL: Symfony\Component\Form\Exception\TransformationFailedException: Expected a Boolean. (uncaught exception) at /home/spope/public_html/silex-boilerplate/vendor/symfony/form/Symfony/Component/Form/Extension/Core/DataTransformer/BooleanToStringTransformer.php line 57 {"exception":"[object] (Symfony\\Component\\Form\\Exception\\TransformationFailedException: Expected a Boolean. at /home/spope/public_html/silex-boilerplate/vendor/symfony/form/Symfony/Component/Form/Extension/Core/DataTransformer/BooleanToStringTransformer.php:57)"} []
[2014-03-19 12:36:57] myapp.INFO: < 500 [] []
[2014-03-19 12:36:57] myapp.DEBUG: Write SecurityContext in the session [] []
[2014-03-19 12:37:50] myapp.INFO: Matched route "adminEditCms" (parameters: "_controller": "{}", "id": "1", "_route": "adminEditCms") [] []
[2014-03-19 12:37:50] myapp.INFO: Populated SecurityContext with an anonymous Token [] []
[2014-03-19 12:37:50] myapp.INFO: > GET /spope/silex-boilerplate/web/index_dev.php/admin/cms/1 [] []
[2014-03-19 12:37:50] myapp.CRITICAL: Symfony\Component\Form\Exception\TransformationFailedException: Expected a Boolean. (uncaught exception) at /home/spope/public_html/silex-boilerplate/vendor/symfony/form/Symfony/Component/Form/Extension/Core/DataTransformer/BooleanToStringTransformer.php line 57 {"exception":"[object] (Symfony\\Component\\Form\\Exception\\TransformationFailedException: Expected a Boolean. at /home/spope/public_html/silex-boilerplate/vendor/symfony/form/Symfony/Component/Form/Extension/Core/DataTransformer/BooleanToStringTransformer.php:57)"} []
[2014-03-19 12:37:50] myapp.INFO: < 500 [] []
[2014-03-19 12:37:50] myapp.DEBUG: Write SecurityContext in the session [] []
[2014-03-19 12:44:31] myapp.INFO: Matched route "adminEditCms" (parameters: "_controller": "{}", "id": "1", "_route": "adminEditCms") [] []
[2014-03-19 12:44:31] myapp.INFO: Populated SecurityContext with an anonymous Token [] []
[2014-03-19 12:44:31] myapp.INFO: > GET /spope/silex-boilerplate/web/index_dev.php/admin/cms/1 [] []
[2014-03-19 12:44:31] myapp.CRITICAL: Symfony\Component\Form\Exception\TransformationFailedException: Expected a Boolean. (uncaught exception) at /home/spope/public_html/silex-boilerplate/vendor/symfony/form/Symfony/Component/Form/Extension/Core/DataTransformer/BooleanToStringTransformer.php line 57 {"exception":"[object] (Symfony\\Component\\Form\\Exception\\TransformationFailedException: Expected a Boolean. at /home/spope/public_html/silex-boilerplate/vendor/symfony/form/Symfony/Component/Form/Extension/Core/DataTransformer/BooleanToStringTransformer.php:57)"} []
[2014-03-19 12:44:31] myapp.INFO: < 500 [] []
[2014-03-19 12:44:31] myapp.DEBUG: Write SecurityContext in the session [] []
[2014-03-19 12:44:32] myapp.INFO: Matched route "adminEditCms" (parameters: "_controller": "{}", "id": "1", "_route": "adminEditCms") [] []
[2014-03-19 12:44:32] myapp.INFO: Populated SecurityContext with an anonymous Token [] []
[2014-03-19 12:44:32] myapp.INFO: > GET /spope/silex-boilerplate/web/index_dev.php/admin/cms/1 [] []
[2014-03-19 12:44:32] myapp.CRITICAL: Symfony\Component\Form\Exception\TransformationFailedException: Expected a Boolean. (uncaught exception) at /home/spope/public_html/silex-boilerplate/vendor/symfony/form/Symfony/Component/Form/Extension/Core/DataTransformer/BooleanToStringTransformer.php line 57 {"exception":"[object] (Symfony\\Component\\Form\\Exception\\TransformationFailedException: Expected a Boolean. at /home/spope/public_html/silex-boilerplate/vendor/symfony/form/Symfony/Component/Form/Extension/Core/DataTransformer/BooleanToStringTransformer.php:57)"} []
[2014-03-19 12:44:32] myapp.INFO: < 500 [] []
[2014-03-19 12:44:32] myapp.DEBUG: Write SecurityContext in the session [] []
[2014-03-19 12:44:33] myapp.INFO: Matched route "adminEditCms" (parameters: "_controller": "{}", "id": "1", "_route": "adminEditCms") [] []
[2014-03-19 12:44:33] myapp.INFO: Populated SecurityContext with an anonymous Token [] []
[2014-03-19 12:44:33] myapp.INFO: > GET /spope/silex-boilerplate/web/index_dev.php/admin/cms/1 [] []
[2014-03-19 12:44:33] myapp.CRITICAL: Symfony\Component\Form\Exception\TransformationFailedException: Expected a Boolean. (uncaught exception) at /home/spope/public_html/silex-boilerplate/vendor/symfony/form/Symfony/Component/Form/Extension/Core/DataTransformer/BooleanToStringTransformer.php line 57 {"exception":"[object] (Symfony\\Component\\Form\\Exception\\TransformationFailedException: Expected a Boolean. at /home/spope/public_html/silex-boilerplate/vendor/symfony/form/Symfony/Component/Form/Extension/Core/DataTransformer/BooleanToStringTransformer.php:57)"} []
[2014-03-19 12:44:33] myapp.INFO: < 500 [] []
[2014-03-19 12:44:33] myapp.DEBUG: Write SecurityContext in the session [] []
[2014-03-19 12:44:33] myapp.INFO: Matched route "adminEditCms" (parameters: "_controller": "{}", "id": "1", "_route": "adminEditCms") [] []
[2014-03-19 12:44:33] myapp.INFO: Populated SecurityContext with an anonymous Token [] []
[2014-03-19 12:44:33] myapp.INFO: > GET /spope/silex-boilerplate/web/index_dev.php/admin/cms/1 [] []
[2014-03-19 12:44:33] myapp.CRITICAL: Symfony\Component\Form\Exception\TransformationFailedException: Expected a Boolean. (uncaught exception) at /home/spope/public_html/silex-boilerplate/vendor/symfony/form/Symfony/Component/Form/Extension/Core/DataTransformer/BooleanToStringTransformer.php line 57 {"exception":"[object] (Symfony\\Component\\Form\\Exception\\TransformationFailedException: Expected a Boolean. at /home/spope/public_html/silex-boilerplate/vendor/symfony/form/Symfony/Component/Form/Extension/Core/DataTransformer/BooleanToStringTransformer.php:57)"} []
[2014-03-19 12:44:33] myapp.INFO: < 500 [] []
[2014-03-19 12:44:33] myapp.DEBUG: Write SecurityContext in the session [] []
[2014-03-19 12:45:09] myapp.INFO: Matched route "adminEditCms" (parameters: "_controller": "{}", "id": "1", "_route": "adminEditCms") [] []
[2014-03-19 12:45:09] myapp.INFO: Populated SecurityContext with an anonymous Token [] []
[2014-03-19 12:45:09] myapp.INFO: > GET /spope/silex-boilerplate/web/index_dev.php/admin/cms/1 [] []
[2014-03-19 12:45:18] myapp.INFO: Matched route "adminEditCms" (parameters: "_controller": "{}", "id": "1", "_route": "adminEditCms") [] []
[2014-03-19 12:45:18] myapp.INFO: Populated SecurityContext with an anonymous Token [] []
[2014-03-19 12:45:18] myapp.INFO: > GET /spope/silex-boilerplate/web/index_dev.php/admin/cms/1 [] []
[2014-03-19 12:45:18] myapp.INFO: < 200 [] []
[2014-03-19 12:45:18] myapp.DEBUG: Write SecurityContext in the session [] []
[2014-03-19 12:45:35] myapp.INFO: Matched route "adminEditCms" (parameters: "_controller": "{}", "id": "1", "_route": "adminEditCms") [] []
[2014-03-19 12:45:35] myapp.INFO: Populated SecurityContext with an anonymous Token [] []
[2014-03-19 12:45:35] myapp.INFO: > GET /spope/silex-boilerplate/web/index_dev.php/admin/cms/1 [] []
[2014-03-19 12:45:36] myapp.INFO: < 200 [] []
[2014-03-19 12:45:36] myapp.DEBUG: Write SecurityContext in the session [] []
[2014-03-19 12:47:25] myapp.INFO: Matched route "adminEditCms" (parameters: "_controller": "{}", "id": "1", "_route": "adminEditCms") [] []
[2014-03-19 12:47:25] myapp.INFO: Populated SecurityContext with an anonymous Token [] []
[2014-03-19 12:47:25] myapp.INFO: > GET /spope/silex-boilerplate/web/index_dev.php/admin/cms/1 [] []
[2014-03-19 12:47:25] myapp.CRITICAL: Symfony\Component\Form\Exception\TransformationFailedException: Expected a Boolean. (uncaught exception) at /home/spope/public_html/silex-boilerplate/vendor/symfony/form/Symfony/Component/Form/Extension/Core/DataTransformer/BooleanToStringTransformer.php line 57 {"exception":"[object] (Symfony\\Component\\Form\\Exception\\TransformationFailedException: Expected a Boolean. at /home/spope/public_html/silex-boilerplate/vendor/symfony/form/Symfony/Component/Form/Extension/Core/DataTransformer/BooleanToStringTransformer.php:57)"} []
[2014-03-19 12:47:25] myapp.INFO: < 500 [] []
[2014-03-19 12:47:25] myapp.DEBUG: Write SecurityContext in the session [] []
[2014-03-19 12:48:46] myapp.INFO: Matched route "adminEditCms" (parameters: "_controller": "{}", "id": "1", "_route": "adminEditCms") [] []
[2014-03-19 12:48:46] myapp.INFO: Populated SecurityContext with an anonymous Token [] []
[2014-03-19 12:48:46] myapp.INFO: > GET /spope/silex-boilerplate/web/index_dev.php/admin/cms/1 [] []
[2014-03-19 12:48:46] myapp.CRITICAL: Symfony\Component\Form\Exception\TransformationFailedException: Expected a Boolean. (uncaught exception) at /home/spope/public_html/silex-boilerplate/vendor/symfony/form/Symfony/Component/Form/Extension/Core/DataTransformer/BooleanToStringTransformer.php line 57 {"exception":"[object] (Symfony\\Component\\Form\\Exception\\TransformationFailedException: Expected a Boolean. at /home/spope/public_html/silex-boilerplate/vendor/symfony/form/Symfony/Component/Form/Extension/Core/DataTransformer/BooleanToStringTransformer.php:57)"} []
[2014-03-19 12:48:46] myapp.INFO: < 500 [] []
[2014-03-19 12:48:46] myapp.DEBUG: Write SecurityContext in the session [] []
[2014-03-19 12:48:49] myapp.INFO: Matched route "adminEditCms" (parameters: "_controller": "{}", "id": "1", "_route": "adminEditCms") [] []
[2014-03-19 12:48:49] myapp.INFO: Populated SecurityContext with an anonymous Token [] []
[2014-03-19 12:48:49] myapp.INFO: > GET /spope/silex-boilerplate/web/index_dev.php/admin/cms/1 [] []
[2014-03-19 12:48:49] myapp.CRITICAL: Symfony\Component\Form\Exception\TransformationFailedException: Expected a Boolean. (uncaught exception) at /home/spope/public_html/silex-boilerplate/vendor/symfony/form/Symfony/Component/Form/Extension/Core/DataTransformer/BooleanToStringTransformer.php line 57 {"exception":"[object] (Symfony\\Component\\Form\\Exception\\TransformationFailedException: Expected a Boolean. at /home/spope/public_html/silex-boilerplate/vendor/symfony/form/Symfony/Component/Form/Extension/Core/DataTransformer/BooleanToStringTransformer.php:57)"} []
[2014-03-19 12:48:49] myapp.INFO: < 500 [] []
[2014-03-19 12:48:49] myapp.DEBUG: Write SecurityContext in the session [] []
[2014-03-19 12:48:50] myapp.INFO: Matched route "adminEditCms" (parameters: "_controller": "{}", "id": "1", "_route": "adminEditCms") [] []
[2014-03-19 12:48:50] myapp.INFO: Populated SecurityContext with an anonymous Token [] []
[2014-03-19 12:48:50] myapp.INFO: > GET /spope/silex-boilerplate/web/index_dev.php/admin/cms/1 [] []
[2014-03-19 12:48:50] myapp.CRITICAL: Symfony\Component\Form\Exception\TransformationFailedException: Expected a Boolean. (uncaught exception) at /home/spope/public_html/silex-boilerplate/vendor/symfony/form/Symfony/Component/Form/Extension/Core/DataTransformer/BooleanToStringTransformer.php line 57 {"exception":"[object] (Symfony\\Component\\Form\\Exception\\TransformationFailedException: Expected a Boolean. at /home/spope/public_html/silex-boilerplate/vendor/symfony/form/Symfony/Component/Form/Extension/Core/DataTransformer/BooleanToStringTransformer.php:57)"} []
[2014-03-19 12:48:50] myapp.INFO: < 500 [] []
[2014-03-19 12:48:50] myapp.DEBUG: Write SecurityContext in the session [] []
[2014-03-19 12:49:02] myapp.INFO: Matched route "adminEditCms" (parameters: "_controller": "{}", "id": "1", "_route": "adminEditCms") [] []
[2014-03-19 12:49:02] myapp.INFO: Populated SecurityContext with an anonymous Token [] []
[2014-03-19 12:49:02] myapp.INFO: > GET /spope/silex-boilerplate/web/index_dev.php/admin/cms/1 [] []
[2014-03-19 12:49:02] myapp.CRITICAL: Symfony\Component\Form\Exception\TransformationFailedException: Expected a Boolean. (uncaught exception) at /home/spope/public_html/silex-boilerplate/vendor/symfony/form/Symfony/Component/Form/Extension/Core/DataTransformer/BooleanToStringTransformer.php line 57 {"exception":"[object] (Symfony\\Component\\Form\\Exception\\TransformationFailedException: Expected a Boolean. at /home/spope/public_html/silex-boilerplate/vendor/symfony/form/Symfony/Component/Form/Extension/Core/DataTransformer/BooleanToStringTransformer.php:57)"} []
[2014-03-19 12:49:02] myapp.INFO: < 500 [] []
[2014-03-19 12:49:02] myapp.DEBUG: Write SecurityContext in the session [] []
[2014-03-19 12:49:15] myapp.INFO: Matched route "adminEditCms" (parameters: "_controller": "{}", "id": "1", "_route": "adminEditCms") [] []
[2014-03-19 12:49:15] myapp.INFO: Populated SecurityContext with an anonymous Token [] []
[2014-03-19 12:49:15] myapp.INFO: > GET /spope/silex-boilerplate/web/index_dev.php/admin/cms/1 [] []
[2014-03-19 12:49:15] myapp.CRITICAL: Symfony\Component\Form\Exception\TransformationFailedException: Expected a Boolean. (uncaught exception) at /home/spope/public_html/silex-boilerplate/vendor/symfony/form/Symfony/Component/Form/Extension/Core/DataTransformer/BooleanToStringTransformer.php line 57 {"exception":"[object] (Symfony\\Component\\Form\\Exception\\TransformationFailedException: Expected a Boolean. at /home/spope/public_html/silex-boilerplate/vendor/symfony/form/Symfony/Component/Form/Extension/Core/DataTransformer/BooleanToStringTransformer.php:57)"} []
[2014-03-19 12:49:15] myapp.INFO: < 500 [] []
[2014-03-19 12:49:15] myapp.DEBUG: Write SecurityContext in the session [] []
[2014-03-19 12:49:18] myapp.INFO: Matched route "adminEditCms" (parameters: "_controller": "{}", "id": "1", "_route": "adminEditCms") [] []
[2014-03-19 12:49:18] myapp.INFO: Populated SecurityContext with an anonymous Token [] []
[2014-03-19 12:49:18] myapp.INFO: > GET /spope/silex-boilerplate/web/index_dev.php/admin/cms/1 [] []
[2014-03-19 12:49:18] myapp.CRITICAL: Symfony\Component\Form\Exception\TransformationFailedException: Expected a Boolean. (uncaught exception) at /home/spope/public_html/silex-boilerplate/vendor/symfony/form/Symfony/Component/Form/Extension/Core/DataTransformer/BooleanToStringTransformer.php line 57 {"exception":"[object] (Symfony\\Component\\Form\\Exception\\TransformationFailedException: Expected a Boolean. at /home/spope/public_html/silex-boilerplate/vendor/symfony/form/Symfony/Component/Form/Extension/Core/DataTransformer/BooleanToStringTransformer.php:57)"} []
[2014-03-19 12:49:18] myapp.INFO: < 500 [] []
[2014-03-19 12:49:18] myapp.DEBUG: Write SecurityContext in the session [] []
[2014-03-19 12:49:44] myapp.INFO: Matched route "adminEditCms" (parameters: "_controller": "{}", "id": "1", "_route": "adminEditCms") [] []
[2014-03-19 12:49:44] myapp.INFO: Populated SecurityContext with an anonymous Token [] []
[2014-03-19 12:49:44] myapp.INFO: > GET /spope/silex-boilerplate/web/index_dev.php/admin/cms/1 [] []
[2014-03-19 12:49:52] myapp.INFO: Matched route "adminEditCms" (parameters: "_controller": "{}", "id": "1", "_route": "adminEditCms") [] []
[2014-03-19 12:49:52] myapp.INFO: Populated SecurityContext with an anonymous Token [] []
[2014-03-19 12:49:52] myapp.INFO: > GET /spope/silex-boilerplate/web/index_dev.php/admin/cms/1 [] []
[2014-03-19 12:49:53] myapp.INFO: < 200 [] []
[2014-03-19 12:49:53] myapp.DEBUG: Write SecurityContext in the session [] []
[2014-03-19 12:52:31] myapp.INFO: Matched route "adminEditCms" (parameters: "_controller": "{}", "id": "1", "_route": "adminEditCms") [] []
[2014-03-19 12:52:31] myapp.INFO: Populated SecurityContext with an anonymous Token [] []
[2014-03-19 12:52:31] myapp.INFO: > GET /spope/silex-boilerplate/web/index_dev.php/admin/cms/1 [] []
[2014-03-19 12:52:31] myapp.CRITICAL: Symfony\Component\Debug\Exception\DummyException:  (uncaught exception) at /home/spope/public_html/silex-boilerplate/vendor/symfony/debug/Symfony/Component/Debug/ErrorHandler.php line 174 {"exception":"[object] (Symfony\\Component\\Debug\\Exception\\DummyException:  at /home/spope/public_html/silex-boilerplate/vendor/symfony/debug/Symfony/Component/Debug/ErrorHandler.php:174)"} []
[2014-03-19 12:52:31] myapp.INFO: < 500 [] []
[2014-03-19 12:52:31] myapp.DEBUG: Write SecurityContext in the session [] []
[2014-03-19 12:53:11] myapp.INFO: Matched route "adminEditCms" (parameters: "_controller": "{}", "id": "1", "_route": "adminEditCms") [] []
[2014-03-19 12:53:11] myapp.INFO: Populated SecurityContext with an anonymous Token [] []
[2014-03-19 12:53:11] myapp.INFO: > GET /spope/silex-boilerplate/web/index_dev.php/admin/cms/1 [] []
[2014-03-19 12:53:12] myapp.INFO: < 200 [] []
[2014-03-19 12:53:12] myapp.DEBUG: Write SecurityContext in the session [] []
[2014-03-19 12:54:43] myapp.INFO: Matched route "adminEditCms" (parameters: "_controller": "{}", "id": "1", "_route": "adminEditCms") [] []
[2014-03-19 12:54:43] myapp.INFO: Populated SecurityContext with an anonymous Token [] []
[2014-03-19 12:54:43] myapp.INFO: > GET /spope/silex-boilerplate/web/index_dev.php/admin/cms/1 [] []
[2014-03-19 12:54:43] myapp.INFO: < 200 [] []
[2014-03-19 12:54:43] myapp.DEBUG: Write SecurityContext in the session [] []
[2014-03-19 12:58:17] myapp.INFO: Matched route "adminEditCms" (parameters: "_controller": "{}", "id": "1", "_route": "adminEditCms") [] []
[2014-03-19 12:58:17] myapp.INFO: Populated SecurityContext with an anonymous Token [] []
[2014-03-19 12:58:17] myapp.INFO: > GET /spope/silex-boilerplate/web/index_dev.php/admin/cms/1 [] []
[2014-03-19 12:58:17] myapp.INFO: < 200 [] []
[2014-03-19 12:58:17] myapp.DEBUG: Write SecurityContext in the session [] []
[2014-03-19 12:58:22] myapp.INFO: Matched route "_admin_cmsPOST_id" (parameters: "_controller": "{}", "id": "1", "_route": "_admin_cmsPOST_id") [] []
[2014-03-19 12:58:22] myapp.INFO: Populated SecurityContext with an anonymous Token [] []
[2014-03-19 12:58:22] myapp.INFO: > POST /spope/silex-boilerplate/web/index_dev.php/admin/cms/1 [] []
[2014-03-19 12:58:22] myapp.CRITICAL: Symfony\Component\Debug\Exception\DummyException:  (uncaught exception) at /home/spope/public_html/silex-boilerplate/vendor/symfony/debug/Symfony/Component/Debug/ErrorHandler.php line 174 {"exception":"[object] (Symfony\\Component\\Debug\\Exception\\DummyException:  at /home/spope/public_html/silex-boilerplate/vendor/symfony/debug/Symfony/Component/Debug/ErrorHandler.php:174)"} []
[2014-03-19 12:58:22] myapp.INFO: < 500 [] []
[2014-03-19 12:58:22] myapp.DEBUG: Write SecurityContext in the session [] []
[2014-03-19 12:58:39] myapp.INFO: Matched route "_admin_cmsPOST_id" (parameters: "_controller": "{}", "id": "1", "_route": "_admin_cmsPOST_id") [] []
[2014-03-19 12:58:39] myapp.INFO: Populated SecurityContext with an anonymous Token [] []
[2014-03-19 12:58:39] myapp.INFO: > POST /spope/silex-boilerplate/web/index_dev.php/admin/cms/1 [] []
[2014-03-19 12:58:39] myapp.INFO: < 302 /spope/silex-boilerplate/web/index_dev.php/admin/cms/ [] []
[2014-03-19 12:58:39] myapp.DEBUG: Write SecurityContext in the session [] []
[2014-03-19 12:58:39] myapp.INFO: Matched route "adminCms" (parameters: "_controller": "{}", "_route": "adminCms") [] []
[2014-03-19 12:58:39] myapp.INFO: Populated SecurityContext with an anonymous Token [] []
[2014-03-19 12:58:39] myapp.INFO: > GET /spope/silex-boilerplate/web/index_dev.php/admin/cms/ [] []
[2014-03-19 12:58:39] myapp.INFO: < 200 [] []
[2014-03-19 12:58:39] myapp.DEBUG: Write SecurityContext in the session [] []
[2014-03-19 12:58:43] myapp.INFO: Matched route "adminEditCms" (parameters: "_controller": "{}", "id": "1", "_route": "adminEditCms") [] []
[2014-03-19 12:58:43] myapp.INFO: Populated SecurityContext with an anonymous Token [] []
[2014-03-19 12:58:43] myapp.INFO: > GET /spope/silex-boilerplate/web/index_dev.php/admin/cms/1 [] []
[2014-03-19 12:58:44] myapp.INFO: < 200 [] []
[2014-03-19 12:58:44] myapp.DEBUG: Write SecurityContext in the session [] []
[2014-03-19 12:58:47] myapp.INFO: Matched route "_admin_cmsPOST_id" (parameters: "_controller": "{}", "id": "1", "_route": "_admin_cmsPOST_id") [] []
[2014-03-19 12:58:47] myapp.INFO: Populated SecurityContext with an anonymous Token [] []
[2014-03-19 12:58:47] myapp.INFO: > POST /spope/silex-boilerplate/web/index_dev.php/admin/cms/1 [] []
[2014-03-19 12:58:47] myapp.INFO: < 302 /spope/silex-boilerplate/web/index_dev.php/admin/cms/ [] []
[2014-03-19 12:58:47] myapp.DEBUG: Write SecurityContext in the session [] []
[2014-03-19 12:58:47] myapp.INFO: Matched route "adminCms" (parameters: "_controller": "{}", "_route": "adminCms") [] []
[2014-03-19 12:58:47] myapp.INFO: Populated SecurityContext with an anonymous Token [] []
[2014-03-19 12:58:47] myapp.INFO: > GET /spope/silex-boilerplate/web/index_dev.php/admin/cms/ [] []
[2014-03-19 12:58:47] myapp.INFO: < 200 [] []
[2014-03-19 12:58:47] myapp.DEBUG: Write SecurityContext in the session [] []
[2014-03-19 12:58:49] myapp.INFO: Matched route "adminEditCms" (parameters: "_controller": "{}", "id": "1", "_route": "adminEditCms") [] []
[2014-03-19 12:58:49] myapp.INFO: Populated SecurityContext with an anonymous Token [] []
[2014-03-19 12:58:49] myapp.INFO: > GET /spope/silex-boilerplate/web/index_dev.php/admin/cms/1 [] []
[2014-03-19 12:58:50] myapp.INFO: < 200 [] []
[2014-03-19 12:58:50] myapp.DEBUG: Write SecurityContext in the session [] []
[2014-03-19 12:58:51] myapp.INFO: Matched route "_admin_cmsPOST_id" (parameters: "_controller": "{}", "id": "1", "_route": "_admin_cmsPOST_id") [] []
[2014-03-19 12:58:51] myapp.INFO: Populated SecurityContext with an anonymous Token [] []
[2014-03-19 12:58:51] myapp.INFO: > POST /spope/silex-boilerplate/web/index_dev.php/admin/cms/1 [] []
[2014-03-19 12:58:51] myapp.INFO: < 302 /spope/silex-boilerplate/web/index_dev.php/admin/cms/ [] []
[2014-03-19 12:58:51] myapp.DEBUG: Write SecurityContext in the session [] []
[2014-03-19 12:58:51] myapp.INFO: Matched route "adminCms" (parameters: "_controller": "{}", "_route": "adminCms") [] []
[2014-03-19 12:58:51] myapp.INFO: Populated SecurityContext with an anonymous Token [] []
[2014-03-19 12:58:51] myapp.INFO: > GET /spope/silex-boilerplate/web/index_dev.php/admin/cms/ [] []
[2014-03-19 12:58:52] myapp.INFO: < 200 [] []
[2014-03-19 12:58:52] myapp.DEBUG: Write SecurityContext in the session [] []
